mode: set
d7024e/kademlia/bucket.go:14.26,18.2 3 1
d7024e/kademlia/bucket.go:22.51,24.55 2 1
d7024e/kademlia/bucket.go:24.55,27.34 2 1
d7024e/kademlia/bucket.go:27.34,29.4 1 1
d7024e/kademlia/bucket.go:32.2,32.20 1 1
d7024e/kademlia/bucket.go:32.20,33.37 1 1
d7024e/kademlia/bucket.go:33.37,35.4 1 1
d7024e/kademlia/bucket.go:36.8,38.3 1 1
d7024e/kademlia/bucket.go:43.79,46.63 2 1
d7024e/kademlia/bucket.go:46.63,50.3 3 1
d7024e/kademlia/bucket.go:52.2,52.17 1 1
d7024e/kademlia/bucket.go:56.33,58.2 1 1
d7024e/kademlia/cli.go:14.38,18.2 3 1
d7024e/kademlia/cli.go:21.35,25.2 3 0
d7024e/kademlia/cli.go:29.58,30.17 1 1
d7024e/kademlia/cli.go:30.17,31.18 1 0
d7024e/kademlia/cli.go:32.14,33.18 1 0
d7024e/kademlia/cli.go:34.14,35.18 1 0
d7024e/kademlia/cli.go:36.11,37.52 1 0
d7024e/kademlia/cli.go:39.8,39.30 1 1
d7024e/kademlia/cli.go:39.30,41.3 1 0
d7024e/kademlia/cli.go:41.8,43.3 1 1
d7024e/kademlia/cli.go:45.2,45.12 1 0
d7024e/kademlia/cli.go:49.35,53.16 3 0
d7024e/kademlia/cli.go:53.16,55.3 1 0
d7024e/kademlia/cli.go:55.8,57.3 1 0
d7024e/kademlia/cli.go:61.34,63.2 1 0
d7024e/kademlia/cli.go:66.24,68.2 1 0
d7024e/kademlia/contact.go:17.57,19.2 1 1
d7024e/kademlia/contact.go:23.58,25.2 1 1
d7024e/kademlia/contact.go:28.58,30.2 1 1
d7024e/kademlia/contact.go:33.41,35.2 1 1
d7024e/kademlia/contact.go:44.65,46.2 1 1
d7024e/kademlia/contact.go:49.71,51.2 1 1
d7024e/kademlia/contact.go:54.45,56.2 1 1
d7024e/kademlia/contact.go:59.48,61.2 1 1
d7024e/kademlia/contact.go:65.53,67.2 1 1
d7024e/kademlia/contact.go:71.58,73.2 1 1
d7024e/kademlia/kademlia.go:15.40,27.2 2 1
d7024e/kademlia/kademlia.go:29.70,35.79 4 1
d7024e/kademlia/kademlia.go:35.79,44.3 3 1
d7024e/kademlia/kademlia.go:46.2,46.6 1 1
d7024e/kademlia/kademlia.go:46.6,53.59 3 1
d7024e/kademlia/kademlia.go:53.59,55.34 1 1
d7024e/kademlia/kademlia.go:55.34,56.13 1 1
d7024e/kademlia/kademlia.go:60.4,71.30 4 1
d7024e/kademlia/kademlia.go:71.30,72.10 1 1
d7024e/kademlia/kademlia.go:77.3,77.25 1 1
d7024e/kademlia/kademlia.go:77.25,79.4 1 1
d7024e/kademlia/kademlia.go:83.41,88.2 4 0
d7024e/kademlia/kademlia.go:92.58,95.37 1 0
d7024e/kademlia/kademlia.go:100.62,102.32 1 0
d7024e/kademlia/kademliaid.go:15.45,19.32 3 1
d7024e/kademlia/kademliaid.go:19.32,21.3 1 1
d7024e/kademlia/kademliaid.go:23.2,23.23 1 1
d7024e/kademlia/kademliaid.go:28.40,30.32 2 1
d7024e/kademlia/kademliaid.go:30.32,32.3 1 1
d7024e/kademlia/kademliaid.go:33.2,33.23 1 1
d7024e/kademlia/kademliaid.go:37.69,38.32 1 1
d7024e/kademlia/kademliaid.go:38.32,39.42 1 1
d7024e/kademlia/kademliaid.go:39.42,41.4 1 1
d7024e/kademlia/kademliaid.go:43.2,43.14 1 1
d7024e/kademlia/kademliaid.go:47.71,48.32 1 1
d7024e/kademlia/kademliaid.go:48.32,49.42 1 1
d7024e/kademlia/kademliaid.go:49.42,51.4 1 1
d7024e/kademlia/kademliaid.go:53.2,53.13 1 1
d7024e/kademlia/kademliaid.go:58.75,60.32 2 1
d7024e/kademlia/kademliaid.go:60.32,62.3 1 1
d7024e/kademlia/kademliaid.go:63.2,63.16 1 1
d7024e/kademlia/kademliaid.go:67.47,69.2 1 1
d7024e/kademlia/network.go:31.34,33.16 2 0
d7024e/kademlia/network.go:33.16,35.3 1 0
d7024e/kademlia/network.go:38.2,39.16 2 0
d7024e/kademlia/network.go:39.16,41.3 1 0
d7024e/kademlia/network.go:42.2,49.6 4 0
d7024e/kademlia/network.go:49.6,52.17 3 0
d7024e/kademlia/network.go:52.17,54.4 1 0
d7024e/kademlia/network.go:56.3,58.54 3 0
d7024e/kademlia/network.go:58.54,60.4 1 0
d7024e/kademlia/network.go:62.3,67.30 4 0
d7024e/kademlia/network.go:72.63,73.6 1 0
d7024e/kademlia/network.go:73.6,87.35 8 0
d7024e/kademlia/network.go:88.15,89.48 1 0
d7024e/kademlia/network.go:90.23,91.56 1 0
d7024e/kademlia/network.go:92.20,93.53 1 0
d7024e/kademlia/network.go:94.16,95.50 1 0
d7024e/kademlia/network.go:96.80,97.47 1 0
d7024e/kademlia/network.go:102.58,105.16 3 0
d7024e/kademlia/network.go:105.16,109.3 3 0
d7024e/kademlia/network.go:110.2,110.23 1 0
d7024e/kademlia/network.go:121.68,129.16 5 1
d7024e/kademlia/network.go:129.16,131.3 1 0
d7024e/kademlia/network.go:133.2,134.16 2 0
d7024e/kademlia/network.go:134.16,136.3 1 0
d7024e/kademlia/network.go:138.2,141.40 3 0
d7024e/kademlia/network.go:141.40,143.3 1 0
d7024e/kademlia/network.go:145.2,146.16 2 0
d7024e/kademlia/network.go:146.16,148.3 1 0
d7024e/kademlia/network.go:154.77,177.2 11 0
d7024e/kademlia/network.go:180.58,188.2 3 0
d7024e/kademlia/network.go:191.99,210.2 10 1
d7024e/kademlia/network.go:212.66,221.2 3 0
d7024e/kademlia/network.go:223.98,240.2 9 0
d7024e/kademlia/network.go:242.64,249.2 0 0
d7024e/kademlia/network.go:251.67,256.16 4 0
d7024e/kademlia/network.go:256.16,259.3 2 0
d7024e/kademlia/network.go:261.2,263.16 2 0
d7024e/kademlia/network.go:266.107,284.2 9 0
d7024e/kademlia/network.go:286.60,291.16 3 0
d7024e/kademlia/network.go:291.16,293.3 1 0
d7024e/kademlia/network.go:295.2,295.30 1 0
d7024e/kademlia/routingtable.go:16.48,18.34 2 1
d7024e/kademlia/routingtable.go:18.34,20.3 1 1
d7024e/kademlia/routingtable.go:21.2,22.21 2 1
d7024e/kademlia/routingtable.go:26.63,30.2 3 1
d7024e/kademlia/routingtable.go:33.96,40.98 5 1
d7024e/kademlia/routingtable.go:40.98,41.25 1 1
d7024e/kademlia/routingtable.go:41.25,44.4 2 1
d7024e/kademlia/routingtable.go:45.3,45.33 1 1
d7024e/kademlia/routingtable.go:45.33,48.4 2 1
d7024e/kademlia/routingtable.go:51.2,53.30 2 1
d7024e/kademlia/routingtable.go:53.30,55.3 1 0
d7024e/kademlia/routingtable.go:57.2,57.38 1 1
d7024e/kademlia/routingtable.go:61.70,63.32 2 1
d7024e/kademlia/routingtable.go:63.32,64.26 1 1
d7024e/kademlia/routingtable.go:64.26,65.42 1 1
d7024e/kademlia/routingtable.go:65.42,67.5 1 1
d7024e/kademlia/routingtable.go:71.2,71.23 1 1
d7024e/kademlia/test_network.go:12.17,31.2 9 0
d7024e/kademlia/test_network.go:48.19,59.2 3 0
d7024e/kademlia/test_network.go:61.28,90.2 9 0
d7024e/kademlia/test_network.go:92.35,111.2 4 0
